\BOOKMARK [0][-]{chapter*.2}{\376\377\000N\000o\000t\000a\000t\000i\000o\000n\000s}{}% 1
\BOOKMARK [0][-]{chapter*.3}{\376\377\000G\000u\000i\000d\000e\000\040\000d\000e\000\040\000L\000e\000c\000t\000u\000r\000e}{}% 2
\BOOKMARK [0][-]{chapter.1}{\376\377\000R\000\351\000s\000e\000a\000u\000x\000\040\000e\000u\000c\000l\000i\000d\000i\000e\000n\000s\000\040\000e\000t\000\040\000p\000o\000l\000y\000n\000o\000m\000i\000a\000u\000x}{}% 3
\BOOKMARK [1][-]{section.1.1}{\376\377\000G\000\351\000n\000\351\000r\000a\000l\000i\000t\000\351\000s\000\040\000s\000u\000r\000\040\000l\000e\000s\000\040\000r\000\351\000s\000e\000a\000u\000x}{chapter.1}% 4
\BOOKMARK [2][-]{subsection.1.1.1}{\376\377\000D\000\351\000f\000i\000n\000i\000t\000i\000o\000n\000s\000\040\000e\000t\000\040\000e\000x\000e\000m\000p\000l\000e\000s}{section.1.1}% 5
\BOOKMARK [2][-]{subsection.1.1.2}{\376\377\000Q\000u\000e\000l\000q\000u\000e\000s\000\040\000p\000r\000o\000b\000l\000\350\000m\000e\000s\000\040\000a\000l\000g\000o\000r\000i\000t\000h\000m\000i\000q\000u\000e\000s\000\040\000l\000i\000\351\000s\000\040\000a\000u\000x\000\040\000r\000\351\000s\000e\000a\000u\000x\000\040\000e\000u\000c\000l\000i\000d\000i\000e\000n\000s}{section.1.1}% 6
\BOOKMARK [1][-]{section.1.2}{\376\377\000R\000\351\000d\000u\000c\000t\000i\000o\000n\000\040\000d\000e\000\040\000r\000\351\000s\000e\000a\000u\000x\000\040\000e\000u\000c\000l\000i\000d\000i\000e\000n\000s\000\040\000e\000t\000\040\000p\000o\000l\000y\000n\000o\000m\000i\000a\000u\000x}{chapter.1}% 7
\BOOKMARK [2][-]{subsection.1.2.1}{\376\377\000R\000\351\000d\000u\000c\000t\000i\000o\000n\000\040\000d\000e\000\040\000r\000\351\000s\000e\000a\000u\000x\000\040\000e\000u\000c\000l\000i\000d\000i\000e\000n\000s}{section.1.2}% 8
\BOOKMARK [2][-]{subsection.1.2.2}{\376\377\000R\000\351\000d\000u\000c\000t\000i\000o\000n\000\040\000d\000e\000\040\000r\000\351\000s\000e\000a\000u\000x\000\040\000p\000o\000l\000y\000n\000o\000m\000i\000a\000u\000x}{section.1.2}% 9
\BOOKMARK [0][-]{chapter.2}{\376\377\000A\000d\000a\000p\000t\000a\000t\000i\000o\000n\000\040\000d\000e\000\040\000l\000a\000\040\000r\000\351\000d\000u\000c\000t\000i\000o\000n\000\040\000d\000e\000\040\000r\000\351\000s\000e\000a\000u\000x\000\040\000p\000o\000l\000y\000n\000o\000m\000i\000a\000u\000x\000\040\000a\000u\000\040\000c\000a\000s\000\040\000e\000n\000t\000i\000e\000r}{}% 10
\BOOKMARK [0][-]{chapter.3}{\376\377\000R\000\351\000s\000e\000a\000u\000x\000\040\000d\000\351\000f\000i\000n\000i\000s\000\040\000p\000a\000r\000\040\000r\000e\000l\000a\000t\000i\000o\000n\000s\000\040\000p\000l\000u\000t\000\364\000t\000\040\000q\000u\000e\000\040\000p\000a\000r\000\040\000g\000\351\000n\000\351\000r\000a\000t\000e\000u\000r\000s}{}% 11
\BOOKMARK [0][-]{appendix.A}{\376\377\000R\000a\000p\000p\000e\000l\000s\000\040\000d\000'\000a\000l\000g\000\350\000b\000r\000e\000\040\000:\000\040\000G\000r\000o\000u\000p\000e\000s\000,\000\040\000A\000n\000n\000e\000a\000u\000x\000\040\000e\000t\000\040\000M\000o\000d\000u\000l\000e\000s}{}% 12
\BOOKMARK [1][-]{section.A.1}{\376\377\000D\000\351\000f\000i\000n\000i\000t\000i\000o\000n\000\040\000e\000t\000\040\000p\000r\000o\000p\000r\000i\000\351\000t\000\351\000s\000\040\000d\000e\000s\000\040\000g\000r\000o\000u\000p\000e\000s}{appendix.A}% 13
\BOOKMARK [1][-]{section.A.2}{\376\377\000D\000\351\000f\000i\000n\000i\000t\000i\000o\000n\000\040\000e\000t\000\040\000p\000r\000o\000p\000r\000i\000\351\000t\000\351\000s\000\040\000d\000e\000s\000\040\000a\000n\000n\000e\000a\000u\000x}{appendix.A}% 14
\BOOKMARK [2][-]{subsection.A.2.1}{\376\377\000G\000\351\000n\000\351\000r\000a\000l\000i\000t\000\351\000s}{section.A.2}% 15
\BOOKMARK [2][-]{subsection.A.2.2}{\376\377\000A\000n\000n\000e\000a\000u\000x\000\040\000d\000e\000\040\000p\000o\000l\000y\000n\000\364\000m\000e\000s}{section.A.2}% 16
\BOOKMARK [1][-]{section.A.3}{\376\377\000D\000\351\000f\000i\000n\000i\000t\000i\000o\000n\000\040\000e\000t\000\040\000p\000r\000o\000p\000r\000i\000\351\000t\000\351\000s\000\040\000d\000e\000s\000\040\000m\000o\000d\000u\000l\000e\000s}{appendix.A}% 17
\BOOKMARK [2][-]{subsection.A.3.1}{\376\377\000G\000\351\000n\000\351\000r\000a\000l\000i\000t\000\351\000s}{section.A.3}% 18
\BOOKMARK [2][-]{subsection.A.3.2}{\376\377\000M\000o\000d\000u\000l\000e\000s\000\040\000s\000u\000r\000\040\000u\000n\000\040\000a\000n\000n\000e\000a\000u\000\040\000p\000r\000i\000n\000c\000i\000p\000a\000l}{section.A.3}% 19
\BOOKMARK [0][-]{appendix.B}{\376\377\000R\000a\000p\000p\000e\000l\000s\000\040\000d\000'\000a\000l\000g\000\350\000b\000r\000e\000\040\000l\000i\000n\000\351\000a\000i\000r\000e}{}% 20
\BOOKMARK [1][-]{section.B.1}{\376\377\000O\000r\000t\000h\000o\000n\000o\000r\000m\000a\000l\000i\000s\000a\000t\000i\000o\000n\000\040\000d\000e\000\040\000G\000r\000a\000m\000-\000S\000c\000h\000m\000i\000d\000t\000\040\000\050\000G\000S\000O\000\051}{appendix.B}% 21
\BOOKMARK [0][-]{appendix.C}{\376\377\000C\000o\000d\000e\000\040\000S\000a\000g\000e\000M\000a\000t\000h}{}% 22
